[2025-04-06T03:34:47.778Z] [LOG]: [
  'getStreamingRoomsHandler RoomId',
  '99b5ec2a-24fb-436e-8b50-79c9accc858e'
]
[2025-04-06T03:34:47.778Z] [LOG]: [
  'getStreamingRoomsHandler RoomId',
  '54059485-488f-433d-ae01-161b42f6d2de'
]
[2025-04-06T03:34:47.778Z] [LOG]: [
  'getStreamingRoomsHandler RoomId',
  '462e47ed-8f20-453a-a43f-1493728c5a6e'
]
[2025-04-06T03:34:47.779Z] [LOG]: [
  'getStreamingRoomsHandler RoomId',
  'a0659932-1fb8-4e5c-bc8c-fb9deaf62d2a'
]
[2025-04-06T03:34:47.779Z] [LOG]: [
  'getStreamingRoomsHandler RoomId',
  '8d2fe420-ebc6-4961-906e-dad92441244a'
]
[2025-04-06T03:34:47.779Z] [LOG]: [
  'getStreamingRoomsHandler RoomId',
  'f1151ce1-ab1a-4dfb-be60-27a72cd4dd99'
]
[2025-04-06T03:34:47.808Z] [LOG]: [
  'getStreamingRoomsHandler roomInfoFromDB',
  {
    _id: '99b5ec2a-24fb-436e-8b50-79c9accc858e',
    created_at: 2025-02-28T07:05:56.943Z,
    joinedUsers: [ 'pravinkumar.s@nammayatri.in' ],
    name: 'fasdfasd',
    createdBy: 'spravinkumar9952@gmail.com',
    __v: 0
  }
]
[2025-04-06T03:34:47.821Z] [LOG]: [
  'getStreamingRoomsHandler roomInfoFromDB',
  {
    _id: '54059485-488f-433d-ae01-161b42f6d2de',
    created_at: 2025-02-28T07:37:53.206Z,
    joinedUsers: [ 'pravinkumar.s@nammayatri.in' ],
    name: 'sdfas',
    createdBy: 'spravinkumar9952@gmail.com',
    __v: 0
  }
]
[2025-04-06T03:34:47.831Z] [LOG]: [
  'getStreamingRoomsHandler roomInfoFromDB',
  {
    _id: '8d2fe420-ebc6-4961-906e-dad92441244a',
    created_at: 2025-02-28T07:37:53.206Z,
    joinedUsers: [ 'pravinkumar.s@nammayatri.in' ],
    name: 'asfasdf',
    createdBy: 'spravinkumar9952@gmail.com',
    __v: 0
  }
]
[2025-04-06T03:34:47.849Z] [LOG]: [
  'getStreamingRoomsHandler roomInfoFromDB',
  {
    _id: 'f1151ce1-ab1a-4dfb-be60-27a72cd4dd99',
    created_at: 2025-03-19T04:08:50.736Z,
    joinedUsers: [ 'pravinkumar.s@nammayatri.in' ],
    name: 'test2',
    createdBy: 'spravinkumar9952@gmail.com',
    __v: 0
  }
]
[2025-04-06T03:34:48.080Z] [LOG]: [
  'getStreamingRoomsHandler roomInfoFromDB',
  {
    _id: 'a0659932-1fb8-4e5c-bc8c-fb9deaf62d2a',
    created_at: 2025-02-28T07:37:53.206Z,
    joinedUsers: [ 'pravinkumar.s@nammayatri.in' ],
    name: 'sdfasd',
    createdBy: 'spravinkumar9952@gmail.com',
    __v: 0
  }
]
[2025-04-06T03:34:48.081Z] [LOG]: [
  'getStreamingRoomsHandler roomInfoFromDB',
  {
    _id: '462e47ed-8f20-453a-a43f-1493728c5a6e',
    created_at: 2025-02-28T07:37:53.206Z,
    joinedUsers: [ 'pravinkumar.s@nammayatri.in' ],
    name: 'sdfasd',
    createdBy: 'spravinkumar9952@gmail.com',
    __v: 0
  }
]
[2025-04-06T03:34:48.122Z] [LOG]: [
  'getStreamingRoomsHandler RoomId',
  '99b5ec2a-24fb-436e-8b50-79c9accc858e'
]
[2025-04-06T03:34:48.123Z] [LOG]: [
  'getStreamingRoomsHandler RoomId',
  '54059485-488f-433d-ae01-161b42f6d2de'
]
[2025-04-06T03:34:48.123Z] [LOG]: [
  'getStreamingRoomsHandler RoomId',
  '462e47ed-8f20-453a-a43f-1493728c5a6e'
]
[2025-04-06T03:34:48.123Z] [LOG]: [
  'getStreamingRoomsHandler RoomId',
  'a0659932-1fb8-4e5c-bc8c-fb9deaf62d2a'
]
[2025-04-06T03:34:48.123Z] [LOG]: [
  'getStreamingRoomsHandler RoomId',
  '8d2fe420-ebc6-4961-906e-dad92441244a'
]
[2025-04-06T03:34:48.123Z] [LOG]: [
  'getStreamingRoomsHandler RoomId',
  'f1151ce1-ab1a-4dfb-be60-27a72cd4dd99'
]
[2025-04-06T03:34:48.157Z] [LOG]: [
  'getStreamingRoomsHandler roomInfoFromDB',
  {
    _id: 'a0659932-1fb8-4e5c-bc8c-fb9deaf62d2a',
    created_at: 2025-02-28T07:37:53.206Z,
    joinedUsers: [ 'pravinkumar.s@nammayatri.in' ],
    name: 'sdfasd',
    createdBy: 'spravinkumar9952@gmail.com',
    __v: 0
  }
]
[2025-04-06T03:34:48.157Z] [LOG]: [
  'getStreamingRoomsHandler roomInfoFromDB',
  {
    _id: '462e47ed-8f20-453a-a43f-1493728c5a6e',
    created_at: 2025-02-28T07:37:53.206Z,
    joinedUsers: [ 'pravinkumar.s@nammayatri.in' ],
    name: 'sdfasd',
    createdBy: 'spravinkumar9952@gmail.com',
    __v: 0
  }
]
[2025-04-06T03:34:48.160Z] [LOG]: [
  'getStreamingRoomsHandler roomInfoFromDB',
  {
    _id: '99b5ec2a-24fb-436e-8b50-79c9accc858e',
    created_at: 2025-02-28T07:05:56.943Z,
    joinedUsers: [ 'pravinkumar.s@nammayatri.in' ],
    name: 'fasdfasd',
    createdBy: 'spravinkumar9952@gmail.com',
    __v: 0
  }
]
[2025-04-06T03:34:48.163Z] [LOG]: [
  'getStreamingRoomsHandler roomInfoFromDB',
  {
    _id: '54059485-488f-433d-ae01-161b42f6d2de',
    created_at: 2025-02-28T07:37:53.206Z,
    joinedUsers: [ 'pravinkumar.s@nammayatri.in' ],
    name: 'sdfas',
    createdBy: 'spravinkumar9952@gmail.com',
    __v: 0
  }
]
[2025-04-06T03:34:48.362Z] [LOG]: [
  'getStreamingRoomsHandler roomInfoFromDB',
  {
    _id: 'f1151ce1-ab1a-4dfb-be60-27a72cd4dd99',
    created_at: 2025-03-19T04:08:50.736Z,
    joinedUsers: [ 'pravinkumar.s@nammayatri.in' ],
    name: 'test2',
    createdBy: 'spravinkumar9952@gmail.com',
    __v: 0
  }
]
[2025-04-06T03:34:48.368Z] [LOG]: [
  'getStreamingRoomsHandler roomInfoFromDB',
  {
    _id: '8d2fe420-ebc6-4961-906e-dad92441244a',
    created_at: 2025-02-28T07:37:53.206Z,
    joinedUsers: [ 'pravinkumar.s@nammayatri.in' ],
    name: 'asfasdf',
    createdBy: 'spravinkumar9952@gmail.com',
    __v: 0
  }
]
[2025-04-06T03:35:09.409Z] [LOG]: [
  'getStreamingRoomsHandler RoomId',
  '99b5ec2a-24fb-436e-8b50-79c9accc858e'
]
[2025-04-06T03:35:09.409Z] [LOG]: [
  'getStreamingRoomsHandler RoomId',
  '54059485-488f-433d-ae01-161b42f6d2de'
]
[2025-04-06T03:35:09.409Z] [LOG]: [
  'getStreamingRoomsHandler RoomId',
  'a0659932-1fb8-4e5c-bc8c-fb9deaf62d2a'
]
[2025-04-06T03:35:09.409Z] [LOG]: [
  'getStreamingRoomsHandler RoomId',
  '8d2fe420-ebc6-4961-906e-dad92441244a'
]
[2025-04-06T03:35:09.409Z] [LOG]: [
  'getStreamingRoomsHandler RoomId',
  'f1151ce1-ab1a-4dfb-be60-27a72cd4dd99'
]
[2025-04-06T03:35:09.438Z] [LOG]: [
  'getStreamingRoomsHandler roomInfoFromDB',
  {
    _id: 'f1151ce1-ab1a-4dfb-be60-27a72cd4dd99',
    created_at: 2025-03-19T04:08:50.736Z,
    joinedUsers: [ 'pravinkumar.s@nammayatri.in' ],
    name: 'test2',
    createdBy: 'spravinkumar9952@gmail.com',
    __v: 0
  }
]
[2025-04-06T03:35:09.441Z] [LOG]: [
  'getStreamingRoomsHandler roomInfoFromDB',
  {
    _id: '99b5ec2a-24fb-436e-8b50-79c9accc858e',
    created_at: 2025-02-28T07:05:56.943Z,
    joinedUsers: [ 'pravinkumar.s@nammayatri.in' ],
    name: 'fasdfasd',
    createdBy: 'spravinkumar9952@gmail.com',
    __v: 0
  }
]
[2025-04-06T03:35:09.443Z] [LOG]: [
  'getStreamingRoomsHandler roomInfoFromDB',
  {
    _id: '54059485-488f-433d-ae01-161b42f6d2de',
    created_at: 2025-02-28T07:37:53.206Z,
    joinedUsers: [ 'pravinkumar.s@nammayatri.in' ],
    name: 'sdfas',
    createdBy: 'spravinkumar9952@gmail.com',
    __v: 0
  }
]
[2025-04-06T03:35:09.444Z] [LOG]: [
  'getStreamingRoomsHandler roomInfoFromDB',
  {
    _id: 'a0659932-1fb8-4e5c-bc8c-fb9deaf62d2a',
    created_at: 2025-02-28T07:37:53.206Z,
    joinedUsers: [ 'pravinkumar.s@nammayatri.in' ],
    name: 'sdfasd',
    createdBy: 'spravinkumar9952@gmail.com',
    __v: 0
  }
]
[2025-04-06T03:35:09.445Z] [LOG]: [
  'getStreamingRoomsHandler roomInfoFromDB',
  {
    _id: '8d2fe420-ebc6-4961-906e-dad92441244a',
    created_at: 2025-02-28T07:37:53.206Z,
    joinedUsers: [ 'pravinkumar.s@nammayatri.in' ],
    name: 'asfasdf',
    createdBy: 'spravinkumar9952@gmail.com',
    __v: 0
  }
]
[2025-04-06T03:35:09.484Z] [LOG]: [
  'getStreamingRoomsHandler RoomId',
  '99b5ec2a-24fb-436e-8b50-79c9accc858e'
]
[2025-04-06T03:35:09.484Z] [LOG]: [
  'getStreamingRoomsHandler RoomId',
  '54059485-488f-433d-ae01-161b42f6d2de'
]
[2025-04-06T03:35:09.484Z] [LOG]: [
  'getStreamingRoomsHandler RoomId',
  'a0659932-1fb8-4e5c-bc8c-fb9deaf62d2a'
]
[2025-04-06T03:35:09.484Z] [LOG]: [
  'getStreamingRoomsHandler RoomId',
  '8d2fe420-ebc6-4961-906e-dad92441244a'
]
[2025-04-06T03:35:09.484Z] [LOG]: [
  'getStreamingRoomsHandler RoomId',
  'f1151ce1-ab1a-4dfb-be60-27a72cd4dd99'
]
[2025-04-06T03:35:09.514Z] [LOG]: [
  'getStreamingRoomsHandler roomInfoFromDB',
  {
    _id: 'f1151ce1-ab1a-4dfb-be60-27a72cd4dd99',
    created_at: 2025-03-19T04:08:50.736Z,
    joinedUsers: [ 'pravinkumar.s@nammayatri.in' ],
    name: 'test2',
    createdBy: 'spravinkumar9952@gmail.com',
    __v: 0
  }
]
[2025-04-06T03:35:09.519Z] [LOG]: [
  'getStreamingRoomsHandler roomInfoFromDB',
  {
    _id: 'a0659932-1fb8-4e5c-bc8c-fb9deaf62d2a',
    created_at: 2025-02-28T07:37:53.206Z,
    joinedUsers: [ 'pravinkumar.s@nammayatri.in' ],
    name: 'sdfasd',
    createdBy: 'spravinkumar9952@gmail.com',
    __v: 0
  }
]
[2025-04-06T03:35:09.520Z] [LOG]: [
  'getStreamingRoomsHandler roomInfoFromDB',
  {
    _id: '54059485-488f-433d-ae01-161b42f6d2de',
    created_at: 2025-02-28T07:37:53.206Z,
    joinedUsers: [ 'pravinkumar.s@nammayatri.in' ],
    name: 'sdfas',
    createdBy: 'spravinkumar9952@gmail.com',
    __v: 0
  }
]
[2025-04-06T03:35:09.521Z] [LOG]: [
  'getStreamingRoomsHandler roomInfoFromDB',
  {
    _id: '8d2fe420-ebc6-4961-906e-dad92441244a',
    created_at: 2025-02-28T07:37:53.206Z,
    joinedUsers: [ 'pravinkumar.s@nammayatri.in' ],
    name: 'asfasdf',
    createdBy: 'spravinkumar9952@gmail.com',
    __v: 0
  }
]
[2025-04-06T03:35:09.521Z] [LOG]: [
  'getStreamingRoomsHandler roomInfoFromDB',
  {
    _id: '99b5ec2a-24fb-436e-8b50-79c9accc858e',
    created_at: 2025-02-28T07:05:56.943Z,
    joinedUsers: [ 'pravinkumar.s@nammayatri.in' ],
    name: 'fasdfasd',
    createdBy: 'spravinkumar9952@gmail.com',
    __v: 0
  }
]
[2025-04-06T03:35:13.014Z] [LOG]: [
  'getStreamingRoomsHandler RoomId',
  '99b5ec2a-24fb-436e-8b50-79c9accc858e'
]
[2025-04-06T03:35:13.014Z] [LOG]: [
  'getStreamingRoomsHandler RoomId',
  '54059485-488f-433d-ae01-161b42f6d2de'
]
[2025-04-06T03:35:13.014Z] [LOG]: [
  'getStreamingRoomsHandler RoomId',
  '462e47ed-8f20-453a-a43f-1493728c5a6e'
]
[2025-04-06T03:35:13.014Z] [LOG]: [
  'getStreamingRoomsHandler RoomId',
  'a0659932-1fb8-4e5c-bc8c-fb9deaf62d2a'
]
[2025-04-06T03:35:13.014Z] [LOG]: [
  'getStreamingRoomsHandler RoomId',
  '8d2fe420-ebc6-4961-906e-dad92441244a'
]
[2025-04-06T03:35:13.014Z] [LOG]: [
  'getStreamingRoomsHandler RoomId',
  'f1151ce1-ab1a-4dfb-be60-27a72cd4dd99'
]
[2025-04-06T03:35:13.040Z] [LOG]: [
  'getStreamingRoomsHandler roomInfoFromDB',
  {
    _id: 'f1151ce1-ab1a-4dfb-be60-27a72cd4dd99',
    created_at: 2025-03-19T04:08:50.736Z,
    joinedUsers: [ 'pravinkumar.s@nammayatri.in' ],
    name: 'test2',
    createdBy: 'spravinkumar9952@gmail.com',
    __v: 0
  }
]
[2025-04-06T03:35:13.041Z] [LOG]: [
  'getStreamingRoomsHandler roomInfoFromDB',
  {
    _id: '8d2fe420-ebc6-4961-906e-dad92441244a',
    created_at: 2025-02-28T07:37:53.206Z,
    joinedUsers: [ 'pravinkumar.s@nammayatri.in' ],
    name: 'asfasdf',
    createdBy: 'spravinkumar9952@gmail.com',
    __v: 0
  }
]
[2025-04-06T03:35:13.047Z] [LOG]: [
  'getStreamingRoomsHandler roomInfoFromDB',
  {
    _id: 'a0659932-1fb8-4e5c-bc8c-fb9deaf62d2a',
    created_at: 2025-02-28T07:37:53.206Z,
    joinedUsers: [ 'pravinkumar.s@nammayatri.in' ],
    name: 'sdfasd',
    createdBy: 'spravinkumar9952@gmail.com',
    __v: 0
  }
]
[2025-04-06T03:35:13.047Z] [LOG]: [
  'getStreamingRoomsHandler roomInfoFromDB',
  {
    _id: '462e47ed-8f20-453a-a43f-1493728c5a6e',
    created_at: 2025-02-28T07:37:53.206Z,
    joinedUsers: [ 'pravinkumar.s@nammayatri.in' ],
    name: 'sdfasd',
    createdBy: 'spravinkumar9952@gmail.com',
    __v: 0
  }
]
[2025-04-06T03:35:13.048Z] [LOG]: [
  'getStreamingRoomsHandler roomInfoFromDB',
  {
    _id: '54059485-488f-433d-ae01-161b42f6d2de',
    created_at: 2025-02-28T07:37:53.206Z,
    joinedUsers: [ 'pravinkumar.s@nammayatri.in' ],
    name: 'sdfas',
    createdBy: 'spravinkumar9952@gmail.com',
    __v: 0
  }
]
[2025-04-06T03:35:13.048Z] [LOG]: [
  'getStreamingRoomsHandler roomInfoFromDB',
  {
    _id: '99b5ec2a-24fb-436e-8b50-79c9accc858e',
    created_at: 2025-02-28T07:05:56.943Z,
    joinedUsers: [ 'pravinkumar.s@nammayatri.in' ],
    name: 'fasdfasd',
    createdBy: 'spravinkumar9952@gmail.com',
    __v: 0
  }
]
[2025-04-06T03:35:13.082Z] [LOG]: [
  'getStreamingRoomsHandler RoomId',
  '99b5ec2a-24fb-436e-8b50-79c9accc858e'
]
[2025-04-06T03:35:13.082Z] [LOG]: [
  'getStreamingRoomsHandler RoomId',
  '54059485-488f-433d-ae01-161b42f6d2de'
]
[2025-04-06T03:35:13.082Z] [LOG]: [
  'getStreamingRoomsHandler RoomId',
  '462e47ed-8f20-453a-a43f-1493728c5a6e'
]
[2025-04-06T03:35:13.082Z] [LOG]: [
  'getStreamingRoomsHandler RoomId',
  'a0659932-1fb8-4e5c-bc8c-fb9deaf62d2a'
]
[2025-04-06T03:35:13.082Z] [LOG]: [
  'getStreamingRoomsHandler RoomId',
  '8d2fe420-ebc6-4961-906e-dad92441244a'
]
[2025-04-06T03:35:13.082Z] [LOG]: [
  'getStreamingRoomsHandler RoomId',
  'f1151ce1-ab1a-4dfb-be60-27a72cd4dd99'
]
[2025-04-06T03:35:13.112Z] [LOG]: [
  'getStreamingRoomsHandler roomInfoFromDB',
  {
    _id: 'f1151ce1-ab1a-4dfb-be60-27a72cd4dd99',
    created_at: 2025-03-19T04:08:50.736Z,
    joinedUsers: [ 'pravinkumar.s@nammayatri.in' ],
    name: 'test2',
    createdBy: 'spravinkumar9952@gmail.com',
    __v: 0
  }
]
[2025-04-06T03:35:13.114Z] [LOG]: [
  'getStreamingRoomsHandler roomInfoFromDB',
  {
    _id: '8d2fe420-ebc6-4961-906e-dad92441244a',
    created_at: 2025-02-28T07:37:53.206Z,
    joinedUsers: [ 'pravinkumar.s@nammayatri.in' ],
    name: 'asfasdf',
    createdBy: 'spravinkumar9952@gmail.com',
    __v: 0
  }
]
[2025-04-06T03:35:13.119Z] [LOG]: [
  'getStreamingRoomsHandler roomInfoFromDB',
  {
    _id: 'a0659932-1fb8-4e5c-bc8c-fb9deaf62d2a',
    created_at: 2025-02-28T07:37:53.206Z,
    joinedUsers: [ 'pravinkumar.s@nammayatri.in' ],
    name: 'sdfasd',
    createdBy: 'spravinkumar9952@gmail.com',
    __v: 0
  }
]
[2025-04-06T03:35:13.121Z] [LOG]: [
  'getStreamingRoomsHandler roomInfoFromDB',
  {
    _id: '462e47ed-8f20-453a-a43f-1493728c5a6e',
    created_at: 2025-02-28T07:37:53.206Z,
    joinedUsers: [ 'pravinkumar.s@nammayatri.in' ],
    name: 'sdfasd',
    createdBy: 'spravinkumar9952@gmail.com',
    __v: 0
  }
]
[2025-04-06T03:35:13.121Z] [LOG]: [
  'getStreamingRoomsHandler roomInfoFromDB',
  {
    _id: '99b5ec2a-24fb-436e-8b50-79c9accc858e',
    created_at: 2025-02-28T07:05:56.943Z,
    joinedUsers: [ 'pravinkumar.s@nammayatri.in' ],
    name: 'fasdfasd',
    createdBy: 'spravinkumar9952@gmail.com',
    __v: 0
  }
]
[2025-04-06T03:35:13.121Z] [LOG]: [
  'getStreamingRoomsHandler roomInfoFromDB',
  {
    _id: '54059485-488f-433d-ae01-161b42f6d2de',
    created_at: 2025-02-28T07:37:53.206Z,
    joinedUsers: [ 'pravinkumar.s@nammayatri.in' ],
    name: 'sdfas',
    createdBy: 'spravinkumar9952@gmail.com',
    __v: 0
  }
]
[2025-04-06T03:37:50.065Z] [LOG]: [
  'getStreamingRoomsHandler RoomId',
  '99b5ec2a-24fb-436e-8b50-79c9accc858e'
]
[2025-04-06T03:37:50.065Z] [LOG]: [
  'getStreamingRoomsHandler RoomId',
  '54059485-488f-433d-ae01-161b42f6d2de'
]
[2025-04-06T03:37:50.065Z] [LOG]: [
  'getStreamingRoomsHandler RoomId',
  '462e47ed-8f20-453a-a43f-1493728c5a6e'
]
[2025-04-06T03:37:50.065Z] [LOG]: [
  'getStreamingRoomsHandler RoomId',
  'a0659932-1fb8-4e5c-bc8c-fb9deaf62d2a'
]
[2025-04-06T03:37:50.065Z] [LOG]: [
  'getStreamingRoomsHandler RoomId',
  '8d2fe420-ebc6-4961-906e-dad92441244a'
]
[2025-04-06T03:37:50.065Z] [LOG]: [
  'getStreamingRoomsHandler RoomId',
  'f1151ce1-ab1a-4dfb-be60-27a72cd4dd99'
]
[2025-04-06T03:37:50.096Z] [LOG]: [
  'getStreamingRoomsHandler roomInfoFromDB',
  {
    _id: 'f1151ce1-ab1a-4dfb-be60-27a72cd4dd99',
    created_at: 2025-03-19T04:08:50.736Z,
    joinedUsers: [ 'pravinkumar.s@nammayatri.in' ],
    name: 'test2',
    createdBy: 'spravinkumar9952@gmail.com',
    __v: 0
  }
]
[2025-04-06T03:37:50.097Z] [LOG]: [
  'getStreamingRoomsHandler roomInfoFromDB',
  {
    _id: '8d2fe420-ebc6-4961-906e-dad92441244a',
    created_at: 2025-02-28T07:37:53.206Z,
    joinedUsers: [ 'pravinkumar.s@nammayatri.in' ],
    name: 'asfasdf',
    createdBy: 'spravinkumar9952@gmail.com',
    __v: 0
  }
]
[2025-04-06T03:37:50.102Z] [LOG]: [
  'getStreamingRoomsHandler roomInfoFromDB',
  {
    _id: 'a0659932-1fb8-4e5c-bc8c-fb9deaf62d2a',
    created_at: 2025-02-28T07:37:53.206Z,
    joinedUsers: [ 'pravinkumar.s@nammayatri.in' ],
    name: 'sdfasd',
    createdBy: 'spravinkumar9952@gmail.com',
    __v: 0
  }
]
[2025-04-06T03:37:50.103Z] [LOG]: [
  'getStreamingRoomsHandler roomInfoFromDB',
  {
    _id: '462e47ed-8f20-453a-a43f-1493728c5a6e',
    created_at: 2025-02-28T07:37:53.206Z,
    joinedUsers: [ 'pravinkumar.s@nammayatri.in' ],
    name: 'sdfasd',
    createdBy: 'spravinkumar9952@gmail.com',
    __v: 0
  }
]
[2025-04-06T03:37:50.103Z] [LOG]: [
  'getStreamingRoomsHandler roomInfoFromDB',
  {
    _id: '99b5ec2a-24fb-436e-8b50-79c9accc858e',
    created_at: 2025-02-28T07:05:56.943Z,
    joinedUsers: [ 'pravinkumar.s@nammayatri.in' ],
    name: 'fasdfasd',
    createdBy: 'spravinkumar9952@gmail.com',
    __v: 0
  }
]
[2025-04-06T03:37:50.104Z] [LOG]: [
  'getStreamingRoomsHandler roomInfoFromDB',
  {
    _id: '54059485-488f-433d-ae01-161b42f6d2de',
    created_at: 2025-02-28T07:37:53.206Z,
    joinedUsers: [ 'pravinkumar.s@nammayatri.in' ],
    name: 'sdfas',
    createdBy: 'spravinkumar9952@gmail.com',
    __v: 0
  }
]
[2025-04-06T03:37:50.141Z] [LOG]: [
  'getStreamingRoomsHandler RoomId',
  '99b5ec2a-24fb-436e-8b50-79c9accc858e'
]
[2025-04-06T03:37:50.141Z] [LOG]: [
  'getStreamingRoomsHandler RoomId',
  '54059485-488f-433d-ae01-161b42f6d2de'
]
[2025-04-06T03:37:50.141Z] [LOG]: [
  'getStreamingRoomsHandler RoomId',
  '462e47ed-8f20-453a-a43f-1493728c5a6e'
]
[2025-04-06T03:37:50.141Z] [LOG]: [
  'getStreamingRoomsHandler RoomId',
  'a0659932-1fb8-4e5c-bc8c-fb9deaf62d2a'
]
[2025-04-06T03:37:50.141Z] [LOG]: [
  'getStreamingRoomsHandler RoomId',
  '8d2fe420-ebc6-4961-906e-dad92441244a'
]
[2025-04-06T03:37:50.142Z] [LOG]: [
  'getStreamingRoomsHandler RoomId',
  'f1151ce1-ab1a-4dfb-be60-27a72cd4dd99'
]
[2025-04-06T03:37:50.172Z] [LOG]: [
  'getStreamingRoomsHandler roomInfoFromDB',
  {
    _id: 'f1151ce1-ab1a-4dfb-be60-27a72cd4dd99',
    created_at: 2025-03-19T04:08:50.736Z,
    joinedUsers: [ 'pravinkumar.s@nammayatri.in' ],
    name: 'test2',
    createdBy: 'spravinkumar9952@gmail.com',
    __v: 0
  }
]
[2025-04-06T03:37:50.173Z] [LOG]: [
  'getStreamingRoomsHandler roomInfoFromDB',
  {
    _id: '8d2fe420-ebc6-4961-906e-dad92441244a',
    created_at: 2025-02-28T07:37:53.206Z,
    joinedUsers: [ 'pravinkumar.s@nammayatri.in' ],
    name: 'asfasdf',
    createdBy: 'spravinkumar9952@gmail.com',
    __v: 0
  }
]
[2025-04-06T03:37:50.178Z] [LOG]: [
  'getStreamingRoomsHandler roomInfoFromDB',
  {
    _id: 'a0659932-1fb8-4e5c-bc8c-fb9deaf62d2a',
    created_at: 2025-02-28T07:37:53.206Z,
    joinedUsers: [ 'pravinkumar.s@nammayatri.in' ],
    name: 'sdfasd',
    createdBy: 'spravinkumar9952@gmail.com',
    __v: 0
  }
]
[2025-04-06T03:37:50.179Z] [LOG]: [
  'getStreamingRoomsHandler roomInfoFromDB',
  {
    _id: '462e47ed-8f20-453a-a43f-1493728c5a6e',
    created_at: 2025-02-28T07:37:53.206Z,
    joinedUsers: [ 'pravinkumar.s@nammayatri.in' ],
    name: 'sdfasd',
    createdBy: 'spravinkumar9952@gmail.com',
    __v: 0
  }
]
[2025-04-06T03:37:50.180Z] [LOG]: [
  'getStreamingRoomsHandler roomInfoFromDB',
  {
    _id: '54059485-488f-433d-ae01-161b42f6d2de',
    created_at: 2025-02-28T07:37:53.206Z,
    joinedUsers: [ 'pravinkumar.s@nammayatri.in' ],
    name: 'sdfas',
    createdBy: 'spravinkumar9952@gmail.com',
    __v: 0
  }
]
[2025-04-06T03:37:50.180Z] [LOG]: [
  'getStreamingRoomsHandler roomInfoFromDB',
  {
    _id: '99b5ec2a-24fb-436e-8b50-79c9accc858e',
    created_at: 2025-02-28T07:05:56.943Z,
    joinedUsers: [ 'pravinkumar.s@nammayatri.in' ],
    name: 'fasdfasd',
    createdBy: 'spravinkumar9952@gmail.com',
    __v: 0
  }
]
[2025-04-06T03:41:23.955Z] [LOG]: [
  'getStreamingRoomsHandler RoomId',
  '99b5ec2a-24fb-436e-8b50-79c9accc858e'
]
[2025-04-06T03:41:23.955Z] [LOG]: [
  'getStreamingRoomsHandler RoomId',
  '54059485-488f-433d-ae01-161b42f6d2de'
]
[2025-04-06T03:41:23.955Z] [LOG]: [
  'getStreamingRoomsHandler RoomId',
  'a0659932-1fb8-4e5c-bc8c-fb9deaf62d2a'
]
[2025-04-06T03:41:23.955Z] [LOG]: [
  'getStreamingRoomsHandler RoomId',
  '8d2fe420-ebc6-4961-906e-dad92441244a'
]
[2025-04-06T03:41:23.955Z] [LOG]: [
  'getStreamingRoomsHandler RoomId',
  'f1151ce1-ab1a-4dfb-be60-27a72cd4dd99'
]
[2025-04-06T03:41:23.987Z] [LOG]: [
  'getStreamingRoomsHandler roomInfoFromDB',
  {
    _id: 'f1151ce1-ab1a-4dfb-be60-27a72cd4dd99',
    created_at: 2025-03-19T04:08:50.736Z,
    joinedUsers: [ 'pravinkumar.s@nammayatri.in' ],
    name: 'test2',
    createdBy: 'spravinkumar9952@gmail.com',
    __v: 0
  }
]
[2025-04-06T03:41:23.990Z] [LOG]: [
  'getStreamingRoomsHandler roomInfoFromDB',
  {
    _id: '54059485-488f-433d-ae01-161b42f6d2de',
    created_at: 2025-02-28T07:37:53.206Z,
    joinedUsers: [ 'pravinkumar.s@nammayatri.in' ],
    name: 'sdfas',
    createdBy: 'spravinkumar9952@gmail.com',
    __v: 0
  }
]
[2025-04-06T03:41:23.991Z] [LOG]: [
  'getStreamingRoomsHandler roomInfoFromDB',
  {
    _id: '99b5ec2a-24fb-436e-8b50-79c9accc858e',
    created_at: 2025-02-28T07:05:56.943Z,
    joinedUsers: [ 'pravinkumar.s@nammayatri.in' ],
    name: 'fasdfasd',
    createdBy: 'spravinkumar9952@gmail.com',
    __v: 0
  }
]
[2025-04-06T03:41:23.995Z] [LOG]: [
  'getStreamingRoomsHandler roomInfoFromDB',
  {
    _id: '8d2fe420-ebc6-4961-906e-dad92441244a',
    created_at: 2025-02-28T07:37:53.206Z,
    joinedUsers: [ 'pravinkumar.s@nammayatri.in' ],
    name: 'asfasdf',
    createdBy: 'spravinkumar9952@gmail.com',
    __v: 0
  }
]
[2025-04-06T03:41:23.996Z] [LOG]: [
  'getStreamingRoomsHandler roomInfoFromDB',
  {
    _id: 'a0659932-1fb8-4e5c-bc8c-fb9deaf62d2a',
    created_at: 2025-02-28T07:37:53.206Z,
    joinedUsers: [ 'pravinkumar.s@nammayatri.in' ],
    name: 'sdfasd',
    createdBy: 'spravinkumar9952@gmail.com',
    __v: 0
  }
]
[2025-04-06T03:41:24.029Z] [LOG]: [
  'getStreamingRoomsHandler RoomId',
  '99b5ec2a-24fb-436e-8b50-79c9accc858e'
]
[2025-04-06T03:41:24.030Z] [LOG]: [
  'getStreamingRoomsHandler RoomId',
  '54059485-488f-433d-ae01-161b42f6d2de'
]
[2025-04-06T03:41:24.030Z] [LOG]: [
  'getStreamingRoomsHandler RoomId',
  'a0659932-1fb8-4e5c-bc8c-fb9deaf62d2a'
]
[2025-04-06T03:41:24.030Z] [LOG]: [
  'getStreamingRoomsHandler RoomId',
  '8d2fe420-ebc6-4961-906e-dad92441244a'
]
[2025-04-06T03:41:24.030Z] [LOG]: [
  'getStreamingRoomsHandler RoomId',
  'f1151ce1-ab1a-4dfb-be60-27a72cd4dd99'
]
[2025-04-06T03:41:24.060Z] [LOG]: [
  'getStreamingRoomsHandler roomInfoFromDB',
  {
    _id: 'f1151ce1-ab1a-4dfb-be60-27a72cd4dd99',
    created_at: 2025-03-19T04:08:50.736Z,
    joinedUsers: [ 'pravinkumar.s@nammayatri.in' ],
    name: 'test2',
    createdBy: 'spravinkumar9952@gmail.com',
    __v: 0
  }
]
[2025-04-06T03:41:24.064Z] [LOG]: [
  'getStreamingRoomsHandler roomInfoFromDB',
  {
    _id: '54059485-488f-433d-ae01-161b42f6d2de',
    created_at: 2025-02-28T07:37:53.206Z,
    joinedUsers: [ 'pravinkumar.s@nammayatri.in' ],
    name: 'sdfas',
    createdBy: 'spravinkumar9952@gmail.com',
    __v: 0
  }
]
[2025-04-06T03:41:24.066Z] [LOG]: [
  'getStreamingRoomsHandler roomInfoFromDB',
  {
    _id: '99b5ec2a-24fb-436e-8b50-79c9accc858e',
    created_at: 2025-02-28T07:05:56.943Z,
    joinedUsers: [ 'pravinkumar.s@nammayatri.in' ],
    name: 'fasdfasd',
    createdBy: 'spravinkumar9952@gmail.com',
    __v: 0
  }
]
[2025-04-06T03:41:24.066Z] [LOG]: [
  'getStreamingRoomsHandler roomInfoFromDB',
  {
    _id: '8d2fe420-ebc6-4961-906e-dad92441244a',
    created_at: 2025-02-28T07:37:53.206Z,
    joinedUsers: [ 'pravinkumar.s@nammayatri.in' ],
    name: 'asfasdf',
    createdBy: 'spravinkumar9952@gmail.com',
    __v: 0
  }
]
[2025-04-06T03:41:24.067Z] [LOG]: [
  'getStreamingRoomsHandler roomInfoFromDB',
  {
    _id: 'a0659932-1fb8-4e5c-bc8c-fb9deaf62d2a',
    created_at: 2025-02-28T07:37:53.206Z,
    joinedUsers: [ 'pravinkumar.s@nammayatri.in' ],
    name: 'sdfasd',
    createdBy: 'spravinkumar9952@gmail.com',
    __v: 0
  }
]
[2025-04-06T03:43:25.586Z] [LOG]: [
  'getStreamingRoomsHandler RoomId',
  '99b5ec2a-24fb-436e-8b50-79c9accc858e'
]
[2025-04-06T03:43:25.586Z] [LOG]: [
  'getStreamingRoomsHandler RoomId',
  '54059485-488f-433d-ae01-161b42f6d2de'
]
[2025-04-06T03:43:25.586Z] [LOG]: [
  'getStreamingRoomsHandler RoomId',
  '462e47ed-8f20-453a-a43f-1493728c5a6e'
]
[2025-04-06T03:43:25.586Z] [LOG]: [
  'getStreamingRoomsHandler RoomId',
  'a0659932-1fb8-4e5c-bc8c-fb9deaf62d2a'
]
[2025-04-06T03:43:25.586Z] [LOG]: [
  'getStreamingRoomsHandler RoomId',
  '8d2fe420-ebc6-4961-906e-dad92441244a'
]
[2025-04-06T03:43:25.586Z] [LOG]: [
  'getStreamingRoomsHandler RoomId',
  'f1151ce1-ab1a-4dfb-be60-27a72cd4dd99'
]
[2025-04-06T03:43:25.616Z] [LOG]: [
  'getStreamingRoomsHandler roomInfoFromDB',
  {
    _id: 'f1151ce1-ab1a-4dfb-be60-27a72cd4dd99',
    created_at: 2025-03-19T04:08:50.736Z,
    joinedUsers: [ 'pravinkumar.s@nammayatri.in' ],
    name: 'test2',
    createdBy: 'spravinkumar9952@gmail.com',
    __v: 0
  }
]
[2025-04-06T03:43:25.618Z] [LOG]: [
  'getStreamingRoomsHandler roomInfoFromDB',
  {
    _id: '8d2fe420-ebc6-4961-906e-dad92441244a',
    created_at: 2025-02-28T07:37:53.206Z,
    joinedUsers: [ 'pravinkumar.s@nammayatri.in' ],
    name: 'asfasdf',
    createdBy: 'spravinkumar9952@gmail.com',
    __v: 0
  }
]
[2025-04-06T03:43:25.620Z] [LOG]: [
  'getStreamingRoomsHandler roomInfoFromDB',
  {
    _id: '462e47ed-8f20-453a-a43f-1493728c5a6e',
    created_at: 2025-02-28T07:37:53.206Z,
    joinedUsers: [ 'pravinkumar.s@nammayatri.in' ],
    name: 'sdfasd',
    createdBy: 'spravinkumar9952@gmail.com',
    __v: 0
  }
]
[2025-04-06T03:43:25.620Z] [LOG]: [
  'getStreamingRoomsHandler roomInfoFromDB',
  {
    _id: '54059485-488f-433d-ae01-161b42f6d2de',
    created_at: 2025-02-28T07:37:53.206Z,
    joinedUsers: [ 'pravinkumar.s@nammayatri.in' ],
    name: 'sdfas',
    createdBy: 'spravinkumar9952@gmail.com',
    __v: 0
  }
]
[2025-04-06T03:43:25.620Z] [LOG]: [
  'getStreamingRoomsHandler roomInfoFromDB',
  {
    _id: '99b5ec2a-24fb-436e-8b50-79c9accc858e',
    created_at: 2025-02-28T07:05:56.943Z,
    joinedUsers: [ 'pravinkumar.s@nammayatri.in' ],
    name: 'fasdfasd',
    createdBy: 'spravinkumar9952@gmail.com',
    __v: 0
  }
]
[2025-04-06T03:43:25.622Z] [LOG]: [
  'getStreamingRoomsHandler roomInfoFromDB',
  {
    _id: 'a0659932-1fb8-4e5c-bc8c-fb9deaf62d2a',
    created_at: 2025-02-28T07:37:53.206Z,
    joinedUsers: [ 'pravinkumar.s@nammayatri.in' ],
    name: 'sdfasd',
    createdBy: 'spravinkumar9952@gmail.com',
    __v: 0
  }
]
[2025-04-06T03:43:25.655Z] [LOG]: [
  'getStreamingRoomsHandler RoomId',
  '99b5ec2a-24fb-436e-8b50-79c9accc858e'
]
[2025-04-06T03:43:25.655Z] [LOG]: [
  'getStreamingRoomsHandler RoomId',
  '54059485-488f-433d-ae01-161b42f6d2de'
]
[2025-04-06T03:43:25.655Z] [LOG]: [
  'getStreamingRoomsHandler RoomId',
  '462e47ed-8f20-453a-a43f-1493728c5a6e'
]
[2025-04-06T03:43:25.655Z] [LOG]: [
  'getStreamingRoomsHandler RoomId',
  'a0659932-1fb8-4e5c-bc8c-fb9deaf62d2a'
]
[2025-04-06T03:43:25.655Z] [LOG]: [
  'getStreamingRoomsHandler RoomId',
  '8d2fe420-ebc6-4961-906e-dad92441244a'
]
[2025-04-06T03:43:25.655Z] [LOG]: [
  'getStreamingRoomsHandler RoomId',
  'f1151ce1-ab1a-4dfb-be60-27a72cd4dd99'
]
[2025-04-06T03:43:25.684Z] [LOG]: [
  'getStreamingRoomsHandler roomInfoFromDB',
  {
    _id: 'f1151ce1-ab1a-4dfb-be60-27a72cd4dd99',
    created_at: 2025-03-19T04:08:50.736Z,
    joinedUsers: [ 'pravinkumar.s@nammayatri.in' ],
    name: 'test2',
    createdBy: 'spravinkumar9952@gmail.com',
    __v: 0
  }
]
[2025-04-06T03:43:25.686Z] [LOG]: [
  'getStreamingRoomsHandler roomInfoFromDB',
  {
    _id: '8d2fe420-ebc6-4961-906e-dad92441244a',
    created_at: 2025-02-28T07:37:53.206Z,
    joinedUsers: [ 'pravinkumar.s@nammayatri.in' ],
    name: 'asfasdf',
    createdBy: 'spravinkumar9952@gmail.com',
    __v: 0
  }
]
[2025-04-06T03:43:25.686Z] [LOG]: [
  'getStreamingRoomsHandler roomInfoFromDB',
  {
    _id: '99b5ec2a-24fb-436e-8b50-79c9accc858e',
    created_at: 2025-02-28T07:05:56.943Z,
    joinedUsers: [ 'pravinkumar.s@nammayatri.in' ],
    name: 'fasdfasd',
    createdBy: 'spravinkumar9952@gmail.com',
    __v: 0
  }
]
[2025-04-06T03:43:25.687Z] [LOG]: [
  'getStreamingRoomsHandler roomInfoFromDB',
  {
    _id: 'a0659932-1fb8-4e5c-bc8c-fb9deaf62d2a',
    created_at: 2025-02-28T07:37:53.206Z,
    joinedUsers: [ 'pravinkumar.s@nammayatri.in' ],
    name: 'sdfasd',
    createdBy: 'spravinkumar9952@gmail.com',
    __v: 0
  }
]
[2025-04-06T03:43:25.688Z] [LOG]: [
  'getStreamingRoomsHandler roomInfoFromDB',
  {
    _id: '462e47ed-8f20-453a-a43f-1493728c5a6e',
    created_at: 2025-02-28T07:37:53.206Z,
    joinedUsers: [ 'pravinkumar.s@nammayatri.in' ],
    name: 'sdfasd',
    createdBy: 'spravinkumar9952@gmail.com',
    __v: 0
  }
]
[2025-04-06T03:43:25.689Z] [LOG]: [
  'getStreamingRoomsHandler roomInfoFromDB',
  {
    _id: '54059485-488f-433d-ae01-161b42f6d2de',
    created_at: 2025-02-28T07:37:53.206Z,
    joinedUsers: [ 'pravinkumar.s@nammayatri.in' ],
    name: 'sdfas',
    createdBy: 'spravinkumar9952@gmail.com',
    __v: 0
  }
]
[2025-04-06T03:50:41.765Z] [LOG]: [
  'getStreamingRoomsHandler RoomId',
  '99b5ec2a-24fb-436e-8b50-79c9accc858e'
]
[2025-04-06T03:50:41.766Z] [LOG]: [
  'getStreamingRoomsHandler RoomId',
  '54059485-488f-433d-ae01-161b42f6d2de'
]
[2025-04-06T03:50:41.766Z] [LOG]: [
  'getStreamingRoomsHandler RoomId',
  '462e47ed-8f20-453a-a43f-1493728c5a6e'
]
[2025-04-06T03:50:41.766Z] [LOG]: [
  'getStreamingRoomsHandler RoomId',
  'a0659932-1fb8-4e5c-bc8c-fb9deaf62d2a'
]
[2025-04-06T03:50:41.766Z] [LOG]: [
  'getStreamingRoomsHandler RoomId',
  '8d2fe420-ebc6-4961-906e-dad92441244a'
]
[2025-04-06T03:50:41.766Z] [LOG]: [
  'getStreamingRoomsHandler RoomId',
  'f1151ce1-ab1a-4dfb-be60-27a72cd4dd99'
]
[2025-04-06T03:50:41.795Z] [LOG]: [
  'getStreamingRoomsHandler roomInfoFromDB',
  {
    _id: 'f1151ce1-ab1a-4dfb-be60-27a72cd4dd99',
    created_at: 2025-03-19T04:08:50.736Z,
    joinedUsers: [ 'pravinkumar.s@nammayatri.in' ],
    name: 'test2',
    createdBy: 'spravinkumar9952@gmail.com',
    __v: 0
  }
]
[2025-04-06T03:50:41.796Z] [LOG]: [
  'getStreamingRoomsHandler roomInfoFromDB',
  {
    _id: '8d2fe420-ebc6-4961-906e-dad92441244a',
    created_at: 2025-02-28T07:37:53.206Z,
    joinedUsers: [ 'pravinkumar.s@nammayatri.in' ],
    name: 'asfasdf',
    createdBy: 'spravinkumar9952@gmail.com',
    __v: 0
  }
]
[2025-04-06T03:50:41.801Z] [LOG]: [
  'getStreamingRoomsHandler roomInfoFromDB',
  {
    _id: 'a0659932-1fb8-4e5c-bc8c-fb9deaf62d2a',
    created_at: 2025-02-28T07:37:53.206Z,
    joinedUsers: [ 'pravinkumar.s@nammayatri.in' ],
    name: 'sdfasd',
    createdBy: 'spravinkumar9952@gmail.com',
    __v: 0
  }
]
[2025-04-06T03:50:41.802Z] [LOG]: [
  'getStreamingRoomsHandler roomInfoFromDB',
  {
    _id: '462e47ed-8f20-453a-a43f-1493728c5a6e',
    created_at: 2025-02-28T07:37:53.206Z,
    joinedUsers: [ 'pravinkumar.s@nammayatri.in' ],
    name: 'sdfasd',
    createdBy: 'spravinkumar9952@gmail.com',
    __v: 0
  }
]
[2025-04-06T03:50:41.802Z] [LOG]: [
  'getStreamingRoomsHandler roomInfoFromDB',
  {
    _id: '54059485-488f-433d-ae01-161b42f6d2de',
    created_at: 2025-02-28T07:37:53.206Z,
    joinedUsers: [ 'pravinkumar.s@nammayatri.in' ],
    name: 'sdfas',
    createdBy: 'spravinkumar9952@gmail.com',
    __v: 0
  }
]
[2025-04-06T03:50:41.803Z] [LOG]: [
  'getStreamingRoomsHandler roomInfoFromDB',
  {
    _id: '99b5ec2a-24fb-436e-8b50-79c9accc858e',
    created_at: 2025-02-28T07:05:56.943Z,
    joinedUsers: [ 'pravinkumar.s@nammayatri.in' ],
    name: 'fasdfasd',
    createdBy: 'spravinkumar9952@gmail.com',
    __v: 0
  }
]
[2025-04-06T03:50:41.839Z] [LOG]: [
  'getStreamingRoomsHandler RoomId',
  '99b5ec2a-24fb-436e-8b50-79c9accc858e'
]
[2025-04-06T03:50:41.839Z] [LOG]: [
  'getStreamingRoomsHandler RoomId',
  '54059485-488f-433d-ae01-161b42f6d2de'
]
[2025-04-06T03:50:41.839Z] [LOG]: [
  'getStreamingRoomsHandler RoomId',
  '462e47ed-8f20-453a-a43f-1493728c5a6e'
]
[2025-04-06T03:50:41.839Z] [LOG]: [
  'getStreamingRoomsHandler RoomId',
  'a0659932-1fb8-4e5c-bc8c-fb9deaf62d2a'
]
[2025-04-06T03:50:41.839Z] [LOG]: [
  'getStreamingRoomsHandler RoomId',
  '8d2fe420-ebc6-4961-906e-dad92441244a'
]
[2025-04-06T03:50:41.839Z] [LOG]: [
  'getStreamingRoomsHandler RoomId',
  'f1151ce1-ab1a-4dfb-be60-27a72cd4dd99'
]
[2025-04-06T03:50:41.866Z] [LOG]: [
  'getStreamingRoomsHandler roomInfoFromDB',
  {
    _id: 'f1151ce1-ab1a-4dfb-be60-27a72cd4dd99',
    created_at: 2025-03-19T04:08:50.736Z,
    joinedUsers: [ 'pravinkumar.s@nammayatri.in' ],
    name: 'test2',
    createdBy: 'spravinkumar9952@gmail.com',
    __v: 0
  }
]
[2025-04-06T03:50:41.868Z] [LOG]: [
  'getStreamingRoomsHandler roomInfoFromDB',
  {
    _id: '8d2fe420-ebc6-4961-906e-dad92441244a',
    created_at: 2025-02-28T07:37:53.206Z,
    joinedUsers: [ 'pravinkumar.s@nammayatri.in' ],
    name: 'asfasdf',
    createdBy: 'spravinkumar9952@gmail.com',
    __v: 0
  }
]
[2025-04-06T03:50:41.873Z] [LOG]: [
  'getStreamingRoomsHandler roomInfoFromDB',
  {
    _id: 'a0659932-1fb8-4e5c-bc8c-fb9deaf62d2a',
    created_at: 2025-02-28T07:37:53.206Z,
    joinedUsers: [ 'pravinkumar.s@nammayatri.in' ],
    name: 'sdfasd',
    createdBy: 'spravinkumar9952@gmail.com',
    __v: 0
  }
]
[2025-04-06T03:50:41.874Z] [LOG]: [
  'getStreamingRoomsHandler roomInfoFromDB',
  {
    _id: '462e47ed-8f20-453a-a43f-1493728c5a6e',
    created_at: 2025-02-28T07:37:53.206Z,
    joinedUsers: [ 'pravinkumar.s@nammayatri.in' ],
    name: 'sdfasd',
    createdBy: 'spravinkumar9952@gmail.com',
    __v: 0
  }
]
[2025-04-06T03:50:41.874Z] [LOG]: [
  'getStreamingRoomsHandler roomInfoFromDB',
  {
    _id: '54059485-488f-433d-ae01-161b42f6d2de',
    created_at: 2025-02-28T07:37:53.206Z,
    joinedUsers: [ 'pravinkumar.s@nammayatri.in' ],
    name: 'sdfas',
    createdBy: 'spravinkumar9952@gmail.com',
    __v: 0
  }
]
[2025-04-06T03:50:41.874Z] [LOG]: [
  'getStreamingRoomsHandler roomInfoFromDB',
  {
    _id: '99b5ec2a-24fb-436e-8b50-79c9accc858e',
    created_at: 2025-02-28T07:05:56.943Z,
    joinedUsers: [ 'pravinkumar.s@nammayatri.in' ],
    name: 'fasdfasd',
    createdBy: 'spravinkumar9952@gmail.com',
    __v: 0
  }
]
[2025-04-06T03:50:55.165Z] [LOG]: [
  'getStreamingRoomsHandler RoomId',
  '99b5ec2a-24fb-436e-8b50-79c9accc858e'
]
[2025-04-06T03:50:55.165Z] [LOG]: [
  'getStreamingRoomsHandler RoomId',
  '54059485-488f-433d-ae01-161b42f6d2de'
]
[2025-04-06T03:50:55.165Z] [LOG]: [
  'getStreamingRoomsHandler RoomId',
  'a0659932-1fb8-4e5c-bc8c-fb9deaf62d2a'
]
[2025-04-06T03:50:55.165Z] [LOG]: [
  'getStreamingRoomsHandler RoomId',
  '8d2fe420-ebc6-4961-906e-dad92441244a'
]
[2025-04-06T03:50:55.165Z] [LOG]: [
  'getStreamingRoomsHandler RoomId',
  'f1151ce1-ab1a-4dfb-be60-27a72cd4dd99'
]
[2025-04-06T03:50:55.194Z] [LOG]: [
  'getStreamingRoomsHandler roomInfoFromDB',
  {
    _id: 'f1151ce1-ab1a-4dfb-be60-27a72cd4dd99',
    created_at: 2025-03-19T04:08:50.736Z,
    joinedUsers: [ 'pravinkumar.s@nammayatri.in' ],
    name: 'test2',
    createdBy: 'spravinkumar9952@gmail.com',
    __v: 0
  }
]
[2025-04-06T03:50:55.198Z] [LOG]: [
  'getStreamingRoomsHandler roomInfoFromDB',
  {
    _id: '8d2fe420-ebc6-4961-906e-dad92441244a',
    created_at: 2025-02-28T07:37:53.206Z,
    joinedUsers: [ 'pravinkumar.s@nammayatri.in' ],
    name: 'asfasdf',
    createdBy: 'spravinkumar9952@gmail.com',
    __v: 0
  }
]
[2025-04-06T03:50:55.199Z] [LOG]: [
  'getStreamingRoomsHandler roomInfoFromDB',
  {
    _id: 'a0659932-1fb8-4e5c-bc8c-fb9deaf62d2a',
    created_at: 2025-02-28T07:37:53.206Z,
    joinedUsers: [ 'pravinkumar.s@nammayatri.in' ],
    name: 'sdfasd',
    createdBy: 'spravinkumar9952@gmail.com',
    __v: 0
  }
]
[2025-04-06T03:50:55.199Z] [LOG]: [
  'getStreamingRoomsHandler roomInfoFromDB',
  {
    _id: '54059485-488f-433d-ae01-161b42f6d2de',
    created_at: 2025-02-28T07:37:53.206Z,
    joinedUsers: [ 'pravinkumar.s@nammayatri.in' ],
    name: 'sdfas',
    createdBy: 'spravinkumar9952@gmail.com',
    __v: 0
  }
]
[2025-04-06T03:50:55.200Z] [LOG]: [
  'getStreamingRoomsHandler roomInfoFromDB',
  {
    _id: '99b5ec2a-24fb-436e-8b50-79c9accc858e',
    created_at: 2025-02-28T07:05:56.943Z,
    joinedUsers: [ 'pravinkumar.s@nammayatri.in' ],
    name: 'fasdfasd',
    createdBy: 'spravinkumar9952@gmail.com',
    __v: 0
  }
]
[2025-04-06T03:50:55.232Z] [LOG]: [
  'getStreamingRoomsHandler RoomId',
  '99b5ec2a-24fb-436e-8b50-79c9accc858e'
]
[2025-04-06T03:50:55.233Z] [LOG]: [
  'getStreamingRoomsHandler RoomId',
  '54059485-488f-433d-ae01-161b42f6d2de'
]
[2025-04-06T03:50:55.233Z] [LOG]: [
  'getStreamingRoomsHandler RoomId',
  'a0659932-1fb8-4e5c-bc8c-fb9deaf62d2a'
]
[2025-04-06T03:50:55.233Z] [LOG]: [
  'getStreamingRoomsHandler RoomId',
  '8d2fe420-ebc6-4961-906e-dad92441244a'
]
[2025-04-06T03:50:55.233Z] [LOG]: [
  'getStreamingRoomsHandler RoomId',
  'f1151ce1-ab1a-4dfb-be60-27a72cd4dd99'
]
[2025-04-06T03:50:55.262Z] [LOG]: [
  'getStreamingRoomsHandler roomInfoFromDB',
  {
    _id: 'f1151ce1-ab1a-4dfb-be60-27a72cd4dd99',
    created_at: 2025-03-19T04:08:50.736Z,
    joinedUsers: [ 'pravinkumar.s@nammayatri.in' ],
    name: 'test2',
    createdBy: 'spravinkumar9952@gmail.com',
    __v: 0
  }
]
[2025-04-06T03:50:55.266Z] [LOG]: [
  'getStreamingRoomsHandler roomInfoFromDB',
  {
    _id: '8d2fe420-ebc6-4961-906e-dad92441244a',
    created_at: 2025-02-28T07:37:53.206Z,
    joinedUsers: [ 'pravinkumar.s@nammayatri.in' ],
    name: 'asfasdf',
    createdBy: 'spravinkumar9952@gmail.com',
    __v: 0
  }
]
[2025-04-06T03:50:55.267Z] [LOG]: [
  'getStreamingRoomsHandler roomInfoFromDB',
  {
    _id: 'a0659932-1fb8-4e5c-bc8c-fb9deaf62d2a',
    created_at: 2025-02-28T07:37:53.206Z,
    joinedUsers: [ 'pravinkumar.s@nammayatri.in' ],
    name: 'sdfasd',
    createdBy: 'spravinkumar9952@gmail.com',
    __v: 0
  }
]
[2025-04-06T03:50:55.267Z] [LOG]: [
  'getStreamingRoomsHandler roomInfoFromDB',
  {
    _id: '54059485-488f-433d-ae01-161b42f6d2de',
    created_at: 2025-02-28T07:37:53.206Z,
    joinedUsers: [ 'pravinkumar.s@nammayatri.in' ],
    name: 'sdfas',
    createdBy: 'spravinkumar9952@gmail.com',
    __v: 0
  }
]
[2025-04-06T03:50:55.268Z] [LOG]: [
  'getStreamingRoomsHandler roomInfoFromDB',
  {
    _id: '99b5ec2a-24fb-436e-8b50-79c9accc858e',
    created_at: 2025-02-28T07:05:56.943Z,
    joinedUsers: [ 'pravinkumar.s@nammayatri.in' ],
    name: 'fasdfasd',
    createdBy: 'spravinkumar9952@gmail.com',
    __v: 0
  }
]
[2025-04-06T03:54:58.881Z] [LOG]: [
  'getStreamingRoomsHandler RoomId',
  '99b5ec2a-24fb-436e-8b50-79c9accc858e'
]
[2025-04-06T03:54:58.881Z] [LOG]: [
  'getStreamingRoomsHandler RoomId',
  '54059485-488f-433d-ae01-161b42f6d2de'
]
[2025-04-06T03:54:58.881Z] [LOG]: [
  'getStreamingRoomsHandler RoomId',
  '462e47ed-8f20-453a-a43f-1493728c5a6e'
]
[2025-04-06T03:54:58.881Z] [LOG]: [
  'getStreamingRoomsHandler RoomId',
  'a0659932-1fb8-4e5c-bc8c-fb9deaf62d2a'
]
[2025-04-06T03:54:58.881Z] [LOG]: [
  'getStreamingRoomsHandler RoomId',
  '8d2fe420-ebc6-4961-906e-dad92441244a'
]
[2025-04-06T03:54:58.881Z] [LOG]: [
  'getStreamingRoomsHandler RoomId',
  'f1151ce1-ab1a-4dfb-be60-27a72cd4dd99'
]
[2025-04-06T03:54:58.911Z] [LOG]: [
  'getStreamingRoomsHandler roomInfoFromDB',
  {
    _id: 'f1151ce1-ab1a-4dfb-be60-27a72cd4dd99',
    created_at: 2025-03-19T04:08:50.736Z,
    joinedUsers: [ 'pravinkumar.s@nammayatri.in' ],
    name: 'test2',
    createdBy: 'spravinkumar9952@gmail.com',
    __v: 0
  }
]
[2025-04-06T03:54:58.912Z] [LOG]: [
  'getStreamingRoomsHandler roomInfoFromDB',
  {
    _id: '8d2fe420-ebc6-4961-906e-dad92441244a',
    created_at: 2025-02-28T07:37:53.206Z,
    joinedUsers: [ 'pravinkumar.s@nammayatri.in' ],
    name: 'asfasdf',
    createdBy: 'spravinkumar9952@gmail.com',
    __v: 0
  }
]
[2025-04-06T03:54:58.915Z] [LOG]: [
  'getStreamingRoomsHandler roomInfoFromDB',
  {
    _id: '54059485-488f-433d-ae01-161b42f6d2de',
    created_at: 2025-02-28T07:37:53.206Z,
    joinedUsers: [ 'pravinkumar.s@nammayatri.in' ],
    name: 'sdfas',
    createdBy: 'spravinkumar9952@gmail.com',
    __v: 0
  }
]
[2025-04-06T03:54:58.915Z] [LOG]: [
  'getStreamingRoomsHandler roomInfoFromDB',
  {
    _id: '99b5ec2a-24fb-436e-8b50-79c9accc858e',
    created_at: 2025-02-28T07:05:56.943Z,
    joinedUsers: [ 'pravinkumar.s@nammayatri.in' ],
    name: 'fasdfasd',
    createdBy: 'spravinkumar9952@gmail.com',
    __v: 0
  }
]
[2025-04-06T03:54:58.917Z] [LOG]: [
  'getStreamingRoomsHandler roomInfoFromDB',
  {
    _id: 'a0659932-1fb8-4e5c-bc8c-fb9deaf62d2a',
    created_at: 2025-02-28T07:37:53.206Z,
    joinedUsers: [ 'pravinkumar.s@nammayatri.in' ],
    name: 'sdfasd',
    createdBy: 'spravinkumar9952@gmail.com',
    __v: 0
  }
]
[2025-04-06T03:54:58.919Z] [LOG]: [
  'getStreamingRoomsHandler roomInfoFromDB',
  {
    _id: '462e47ed-8f20-453a-a43f-1493728c5a6e',
    created_at: 2025-02-28T07:37:53.206Z,
    joinedUsers: [ 'pravinkumar.s@nammayatri.in' ],
    name: 'sdfasd',
    createdBy: 'spravinkumar9952@gmail.com',
    __v: 0
  }
]
[2025-04-06T03:54:58.951Z] [LOG]: [
  'getStreamingRoomsHandler RoomId',
  '99b5ec2a-24fb-436e-8b50-79c9accc858e'
]
[2025-04-06T03:54:58.951Z] [LOG]: [
  'getStreamingRoomsHandler RoomId',
  '54059485-488f-433d-ae01-161b42f6d2de'
]
[2025-04-06T03:54:58.951Z] [LOG]: [
  'getStreamingRoomsHandler RoomId',
  '462e47ed-8f20-453a-a43f-1493728c5a6e'
]
[2025-04-06T03:54:58.951Z] [LOG]: [
  'getStreamingRoomsHandler RoomId',
  'a0659932-1fb8-4e5c-bc8c-fb9deaf62d2a'
]
[2025-04-06T03:54:58.951Z] [LOG]: [
  'getStreamingRoomsHandler RoomId',
  '8d2fe420-ebc6-4961-906e-dad92441244a'
]
[2025-04-06T03:54:58.951Z] [LOG]: [
  'getStreamingRoomsHandler RoomId',
  'f1151ce1-ab1a-4dfb-be60-27a72cd4dd99'
]
[2025-04-06T03:54:58.979Z] [LOG]: [
  'getStreamingRoomsHandler roomInfoFromDB',
  {
    _id: 'f1151ce1-ab1a-4dfb-be60-27a72cd4dd99',
    created_at: 2025-03-19T04:08:50.736Z,
    joinedUsers: [ 'pravinkumar.s@nammayatri.in' ],
    name: 'test2',
    createdBy: 'spravinkumar9952@gmail.com',
    __v: 0
  }
]
[2025-04-06T03:54:58.980Z] [LOG]: [
  'getStreamingRoomsHandler roomInfoFromDB',
  {
    _id: '8d2fe420-ebc6-4961-906e-dad92441244a',
    created_at: 2025-02-28T07:37:53.206Z,
    joinedUsers: [ 'pravinkumar.s@nammayatri.in' ],
    name: 'asfasdf',
    createdBy: 'spravinkumar9952@gmail.com',
    __v: 0
  }
]
[2025-04-06T03:54:58.982Z] [LOG]: [
  'getStreamingRoomsHandler roomInfoFromDB',
  {
    _id: '54059485-488f-433d-ae01-161b42f6d2de',
    created_at: 2025-02-28T07:37:53.206Z,
    joinedUsers: [ 'pravinkumar.s@nammayatri.in' ],
    name: 'sdfas',
    createdBy: 'spravinkumar9952@gmail.com',
    __v: 0
  }
]
[2025-04-06T03:54:58.982Z] [LOG]: [
  'getStreamingRoomsHandler roomInfoFromDB',
  {
    _id: '99b5ec2a-24fb-436e-8b50-79c9accc858e',
    created_at: 2025-02-28T07:05:56.943Z,
    joinedUsers: [ 'pravinkumar.s@nammayatri.in' ],
    name: 'fasdfasd',
    createdBy: 'spravinkumar9952@gmail.com',
    __v: 0
  }
]
[2025-04-06T03:54:58.990Z] [LOG]: [
  'getStreamingRoomsHandler roomInfoFromDB',
  {
    _id: 'a0659932-1fb8-4e5c-bc8c-fb9deaf62d2a',
    created_at: 2025-02-28T07:37:53.206Z,
    joinedUsers: [ 'pravinkumar.s@nammayatri.in' ],
    name: 'sdfasd',
    createdBy: 'spravinkumar9952@gmail.com',
    __v: 0
  }
]
[2025-04-06T03:54:58.990Z] [LOG]: [
  'getStreamingRoomsHandler roomInfoFromDB',
  {
    _id: '462e47ed-8f20-453a-a43f-1493728c5a6e',
    created_at: 2025-02-28T07:37:53.206Z,
    joinedUsers: [ 'pravinkumar.s@nammayatri.in' ],
    name: 'sdfasd',
    createdBy: 'spravinkumar9952@gmail.com',
    __v: 0
  }
]
[2025-04-06T03:55:21.052Z] [LOG]: [
  'getStreamingRoomsHandler RoomId',
  '99b5ec2a-24fb-436e-8b50-79c9accc858e'
]
[2025-04-06T03:55:21.053Z] [LOG]: [
  'getStreamingRoomsHandler RoomId',
  '54059485-488f-433d-ae01-161b42f6d2de'
]
[2025-04-06T03:55:21.053Z] [LOG]: [
  'getStreamingRoomsHandler RoomId',
  'a0659932-1fb8-4e5c-bc8c-fb9deaf62d2a'
]
[2025-04-06T03:55:21.053Z] [LOG]: [
  'getStreamingRoomsHandler RoomId',
  '8d2fe420-ebc6-4961-906e-dad92441244a'
]
[2025-04-06T03:55:21.053Z] [LOG]: [
  'getStreamingRoomsHandler RoomId',
  'f1151ce1-ab1a-4dfb-be60-27a72cd4dd99'
]
[2025-04-06T03:55:21.086Z] [LOG]: [
  'getStreamingRoomsHandler roomInfoFromDB',
  {
    _id: 'f1151ce1-ab1a-4dfb-be60-27a72cd4dd99',
    created_at: 2025-03-19T04:08:50.736Z,
    joinedUsers: [ 'pravinkumar.s@nammayatri.in' ],
    name: 'test2',
    createdBy: 'spravinkumar9952@gmail.com',
    __v: 0
  }
]
[2025-04-06T03:55:21.090Z] [LOG]: [
  'getStreamingRoomsHandler roomInfoFromDB',
  {
    _id: '8d2fe420-ebc6-4961-906e-dad92441244a',
    created_at: 2025-02-28T07:37:53.206Z,
    joinedUsers: [ 'pravinkumar.s@nammayatri.in' ],
    name: 'asfasdf',
    createdBy: 'spravinkumar9952@gmail.com',
    __v: 0
  }
]
[2025-04-06T03:55:21.091Z] [LOG]: [
  'getStreamingRoomsHandler roomInfoFromDB',
  {
    _id: 'a0659932-1fb8-4e5c-bc8c-fb9deaf62d2a',
    created_at: 2025-02-28T07:37:53.206Z,
    joinedUsers: [ 'pravinkumar.s@nammayatri.in' ],
    name: 'sdfasd',
    createdBy: 'spravinkumar9952@gmail.com',
    __v: 0
  }
]
[2025-04-06T03:55:21.092Z] [LOG]: [
  'getStreamingRoomsHandler roomInfoFromDB',
  {
    _id: '54059485-488f-433d-ae01-161b42f6d2de',
    created_at: 2025-02-28T07:37:53.206Z,
    joinedUsers: [ 'pravinkumar.s@nammayatri.in' ],
    name: 'sdfas',
    createdBy: 'spravinkumar9952@gmail.com',
    __v: 0
  }
]
[2025-04-06T03:55:21.093Z] [LOG]: [
  'getStreamingRoomsHandler roomInfoFromDB',
  {
    _id: '99b5ec2a-24fb-436e-8b50-79c9accc858e',
    created_at: 2025-02-28T07:05:56.943Z,
    joinedUsers: [ 'pravinkumar.s@nammayatri.in' ],
    name: 'fasdfasd',
    createdBy: 'spravinkumar9952@gmail.com',
    __v: 0
  }
]
[2025-04-06T03:55:21.148Z] [LOG]: [
  'getStreamingRoomsHandler RoomId',
  '99b5ec2a-24fb-436e-8b50-79c9accc858e'
]
[2025-04-06T03:55:21.148Z] [LOG]: [
  'getStreamingRoomsHandler RoomId',
  '54059485-488f-433d-ae01-161b42f6d2de'
]
[2025-04-06T03:55:21.148Z] [LOG]: [
  'getStreamingRoomsHandler RoomId',
  'a0659932-1fb8-4e5c-bc8c-fb9deaf62d2a'
]
[2025-04-06T03:55:21.148Z] [LOG]: [
  'getStreamingRoomsHandler RoomId',
  '8d2fe420-ebc6-4961-906e-dad92441244a'
]
[2025-04-06T03:55:21.148Z] [LOG]: [
  'getStreamingRoomsHandler RoomId',
  'f1151ce1-ab1a-4dfb-be60-27a72cd4dd99'
]
[2025-04-06T03:55:21.181Z] [LOG]: [
  'getStreamingRoomsHandler roomInfoFromDB',
  {
    _id: 'f1151ce1-ab1a-4dfb-be60-27a72cd4dd99',
    created_at: 2025-03-19T04:08:50.736Z,
    joinedUsers: [ 'pravinkumar.s@nammayatri.in' ],
    name: 'test2',
    createdBy: 'spravinkumar9952@gmail.com',
    __v: 0
  }
]
[2025-04-06T03:55:21.182Z] [LOG]: [
  'getStreamingRoomsHandler roomInfoFromDB',
  {
    _id: '54059485-488f-433d-ae01-161b42f6d2de',
    created_at: 2025-02-28T07:37:53.206Z,
    joinedUsers: [ 'pravinkumar.s@nammayatri.in' ],
    name: 'sdfas',
    createdBy: 'spravinkumar9952@gmail.com',
    __v: 0
  }
]
[2025-04-06T03:55:21.183Z] [LOG]: [
  'getStreamingRoomsHandler roomInfoFromDB',
  {
    _id: '99b5ec2a-24fb-436e-8b50-79c9accc858e',
    created_at: 2025-02-28T07:05:56.943Z,
    joinedUsers: [ 'pravinkumar.s@nammayatri.in' ],
    name: 'fasdfasd',
    createdBy: 'spravinkumar9952@gmail.com',
    __v: 0
  }
]
[2025-04-06T03:55:21.185Z] [LOG]: [
  'getStreamingRoomsHandler roomInfoFromDB',
  {
    _id: '8d2fe420-ebc6-4961-906e-dad92441244a',
    created_at: 2025-02-28T07:37:53.206Z,
    joinedUsers: [ 'pravinkumar.s@nammayatri.in' ],
    name: 'asfasdf',
    createdBy: 'spravinkumar9952@gmail.com',
    __v: 0
  }
]
[2025-04-06T03:55:21.186Z] [LOG]: [
  'getStreamingRoomsHandler roomInfoFromDB',
  {
    _id: 'a0659932-1fb8-4e5c-bc8c-fb9deaf62d2a',
    created_at: 2025-02-28T07:37:53.206Z,
    joinedUsers: [ 'pravinkumar.s@nammayatri.in' ],
    name: 'sdfasd',
    createdBy: 'spravinkumar9952@gmail.com',
    __v: 0
  }
]
[2025-04-06T03:56:05.351Z] [LOG]: [
  'getStreamingRoomsHandler RoomId',
  '99b5ec2a-24fb-436e-8b50-79c9accc858e'
]
[2025-04-06T03:56:05.351Z] [LOG]: [
  'getStreamingRoomsHandler RoomId',
  '54059485-488f-433d-ae01-161b42f6d2de'
]
[2025-04-06T03:56:05.351Z] [LOG]: [
  'getStreamingRoomsHandler RoomId',
  'a0659932-1fb8-4e5c-bc8c-fb9deaf62d2a'
]
[2025-04-06T03:56:05.351Z] [LOG]: [
  'getStreamingRoomsHandler RoomId',
  '8d2fe420-ebc6-4961-906e-dad92441244a'
]
[2025-04-06T03:56:05.351Z] [LOG]: [
  'getStreamingRoomsHandler RoomId',
  'f1151ce1-ab1a-4dfb-be60-27a72cd4dd99'
]
[2025-04-06T03:56:05.381Z] [LOG]: [
  'getStreamingRoomsHandler roomInfoFromDB',
  {
    _id: 'f1151ce1-ab1a-4dfb-be60-27a72cd4dd99',
    created_at: 2025-03-19T04:08:50.736Z,
    joinedUsers: [ 'pravinkumar.s@nammayatri.in' ],
    name: 'test2',
    createdBy: 'spravinkumar9952@gmail.com',
    __v: 0
  }
]
[2025-04-06T03:56:05.385Z] [LOG]: [
  'getStreamingRoomsHandler roomInfoFromDB',
  {
    _id: '54059485-488f-433d-ae01-161b42f6d2de',
    created_at: 2025-02-28T07:37:53.206Z,
    joinedUsers: [ 'pravinkumar.s@nammayatri.in' ],
    name: 'sdfas',
    createdBy: 'spravinkumar9952@gmail.com',
    __v: 0
  }
]
[2025-04-06T03:56:05.386Z] [LOG]: [
  'getStreamingRoomsHandler roomInfoFromDB',
  {
    _id: '99b5ec2a-24fb-436e-8b50-79c9accc858e',
    created_at: 2025-02-28T07:05:56.943Z,
    joinedUsers: [ 'pravinkumar.s@nammayatri.in' ],
    name: 'fasdfasd',
    createdBy: 'spravinkumar9952@gmail.com',
    __v: 0
  }
]
[2025-04-06T03:56:05.387Z] [LOG]: [
  'getStreamingRoomsHandler roomInfoFromDB',
  {
    _id: '8d2fe420-ebc6-4961-906e-dad92441244a',
    created_at: 2025-02-28T07:37:53.206Z,
    joinedUsers: [ 'pravinkumar.s@nammayatri.in' ],
    name: 'asfasdf',
    createdBy: 'spravinkumar9952@gmail.com',
    __v: 0
  }
]
[2025-04-06T03:56:05.387Z] [LOG]: [
  'getStreamingRoomsHandler roomInfoFromDB',
  {
    _id: 'a0659932-1fb8-4e5c-bc8c-fb9deaf62d2a',
    created_at: 2025-02-28T07:37:53.206Z,
    joinedUsers: [ 'pravinkumar.s@nammayatri.in' ],
    name: 'sdfasd',
    createdBy: 'spravinkumar9952@gmail.com',
    __v: 0
  }
]
[2025-04-06T03:56:05.420Z] [LOG]: [
  'getStreamingRoomsHandler RoomId',
  '99b5ec2a-24fb-436e-8b50-79c9accc858e'
]
[2025-04-06T03:56:05.420Z] [LOG]: [
  'getStreamingRoomsHandler RoomId',
  '54059485-488f-433d-ae01-161b42f6d2de'
]
[2025-04-06T03:56:05.420Z] [LOG]: [
  'getStreamingRoomsHandler RoomId',
  'a0659932-1fb8-4e5c-bc8c-fb9deaf62d2a'
]
[2025-04-06T03:56:05.420Z] [LOG]: [
  'getStreamingRoomsHandler RoomId',
  '8d2fe420-ebc6-4961-906e-dad92441244a'
]
[2025-04-06T03:56:05.420Z] [LOG]: [
  'getStreamingRoomsHandler RoomId',
  'f1151ce1-ab1a-4dfb-be60-27a72cd4dd99'
]
[2025-04-06T03:56:05.449Z] [LOG]: [
  'getStreamingRoomsHandler roomInfoFromDB',
  {
    _id: 'f1151ce1-ab1a-4dfb-be60-27a72cd4dd99',
    created_at: 2025-03-19T04:08:50.736Z,
    joinedUsers: [ 'pravinkumar.s@nammayatri.in' ],
    name: 'test2',
    createdBy: 'spravinkumar9952@gmail.com',
    __v: 0
  }
]
[2025-04-06T03:56:05.453Z] [LOG]: [
  'getStreamingRoomsHandler roomInfoFromDB',
  {
    _id: '8d2fe420-ebc6-4961-906e-dad92441244a',
    created_at: 2025-02-28T07:37:53.206Z,
    joinedUsers: [ 'pravinkumar.s@nammayatri.in' ],
    name: 'asfasdf',
    createdBy: 'spravinkumar9952@gmail.com',
    __v: 0
  }
]
[2025-04-06T03:56:05.454Z] [LOG]: [
  'getStreamingRoomsHandler roomInfoFromDB',
  {
    _id: 'a0659932-1fb8-4e5c-bc8c-fb9deaf62d2a',
    created_at: 2025-02-28T07:37:53.206Z,
    joinedUsers: [ 'pravinkumar.s@nammayatri.in' ],
    name: 'sdfasd',
    createdBy: 'spravinkumar9952@gmail.com',
    __v: 0
  }
]
[2025-04-06T03:56:05.454Z] [LOG]: [
  'getStreamingRoomsHandler roomInfoFromDB',
  {
    _id: '54059485-488f-433d-ae01-161b42f6d2de',
    created_at: 2025-02-28T07:37:53.206Z,
    joinedUsers: [ 'pravinkumar.s@nammayatri.in' ],
    name: 'sdfas',
    createdBy: 'spravinkumar9952@gmail.com',
    __v: 0
  }
]
[2025-04-06T03:56:05.455Z] [LOG]: [
  'getStreamingRoomsHandler roomInfoFromDB',
  {
    _id: '99b5ec2a-24fb-436e-8b50-79c9accc858e',
    created_at: 2025-02-28T07:05:56.943Z,
    joinedUsers: [ 'pravinkumar.s@nammayatri.in' ],
    name: 'fasdfasd',
    createdBy: 'spravinkumar9952@gmail.com',
    __v: 0
  }
]
[2025-04-06T03:56:45.628Z] [LOG]: [
  'getStreamingRoomsHandler RoomId',
  '99b5ec2a-24fb-436e-8b50-79c9accc858e'
]
[2025-04-06T03:56:45.628Z] [LOG]: [
  'getStreamingRoomsHandler RoomId',
  '54059485-488f-433d-ae01-161b42f6d2de'
]
[2025-04-06T03:56:45.628Z] [LOG]: [
  'getStreamingRoomsHandler RoomId',
  '462e47ed-8f20-453a-a43f-1493728c5a6e'
]
[2025-04-06T03:56:45.628Z] [LOG]: [
  'getStreamingRoomsHandler RoomId',
  'a0659932-1fb8-4e5c-bc8c-fb9deaf62d2a'
]
[2025-04-06T03:56:45.628Z] [LOG]: [
  'getStreamingRoomsHandler RoomId',
  '8d2fe420-ebc6-4961-906e-dad92441244a'
]
[2025-04-06T03:56:45.628Z] [LOG]: [
  'getStreamingRoomsHandler RoomId',
  'f1151ce1-ab1a-4dfb-be60-27a72cd4dd99'
]
[2025-04-06T03:56:45.659Z] [LOG]: [
  'getStreamingRoomsHandler roomInfoFromDB',
  {
    _id: 'f1151ce1-ab1a-4dfb-be60-27a72cd4dd99',
    created_at: 2025-03-19T04:08:50.736Z,
    joinedUsers: [ 'pravinkumar.s@nammayatri.in' ],
    name: 'test2',
    createdBy: 'spravinkumar9952@gmail.com',
    __v: 0
  }
]
[2025-04-06T03:56:45.660Z] [LOG]: [
  'getStreamingRoomsHandler roomInfoFromDB',
  {
    _id: '8d2fe420-ebc6-4961-906e-dad92441244a',
    created_at: 2025-02-28T07:37:53.206Z,
    joinedUsers: [ 'pravinkumar.s@nammayatri.in' ],
    name: 'asfasdf',
    createdBy: 'spravinkumar9952@gmail.com',
    __v: 0
  }
]
[2025-04-06T03:56:45.663Z] [LOG]: [
  'getStreamingRoomsHandler roomInfoFromDB',
  {
    _id: '99b5ec2a-24fb-436e-8b50-79c9accc858e',
    created_at: 2025-02-28T07:05:56.943Z,
    joinedUsers: [ 'pravinkumar.s@nammayatri.in' ],
    name: 'fasdfasd',
    createdBy: 'spravinkumar9952@gmail.com',
    __v: 0
  }
]
[2025-04-06T03:56:45.664Z] [LOG]: [
  'getStreamingRoomsHandler roomInfoFromDB',
  {
    _id: 'a0659932-1fb8-4e5c-bc8c-fb9deaf62d2a',
    created_at: 2025-02-28T07:37:53.206Z,
    joinedUsers: [ 'pravinkumar.s@nammayatri.in' ],
    name: 'sdfasd',
    createdBy: 'spravinkumar9952@gmail.com',
    __v: 0
  }
]
[2025-04-06T03:56:45.665Z] [LOG]: [
  'getStreamingRoomsHandler roomInfoFromDB',
  {
    _id: '462e47ed-8f20-453a-a43f-1493728c5a6e',
    created_at: 2025-02-28T07:37:53.206Z,
    joinedUsers: [ 'pravinkumar.s@nammayatri.in' ],
    name: 'sdfasd',
    createdBy: 'spravinkumar9952@gmail.com',
    __v: 0
  }
]
[2025-04-06T03:56:45.666Z] [LOG]: [
  'getStreamingRoomsHandler roomInfoFromDB',
  {
    _id: '54059485-488f-433d-ae01-161b42f6d2de',
    created_at: 2025-02-28T07:37:53.206Z,
    joinedUsers: [ 'pravinkumar.s@nammayatri.in' ],
    name: 'sdfas',
    createdBy: 'spravinkumar9952@gmail.com',
    __v: 0
  }
]
[2025-04-06T03:56:45.699Z] [LOG]: [
  'getStreamingRoomsHandler RoomId',
  '99b5ec2a-24fb-436e-8b50-79c9accc858e'
]
[2025-04-06T03:56:45.699Z] [LOG]: [
  'getStreamingRoomsHandler RoomId',
  '54059485-488f-433d-ae01-161b42f6d2de'
]
[2025-04-06T03:56:45.699Z] [LOG]: [
  'getStreamingRoomsHandler RoomId',
  '462e47ed-8f20-453a-a43f-1493728c5a6e'
]
[2025-04-06T03:56:45.699Z] [LOG]: [
  'getStreamingRoomsHandler RoomId',
  'a0659932-1fb8-4e5c-bc8c-fb9deaf62d2a'
]
[2025-04-06T03:56:45.699Z] [LOG]: [
  'getStreamingRoomsHandler RoomId',
  '8d2fe420-ebc6-4961-906e-dad92441244a'
]
[2025-04-06T03:56:45.699Z] [LOG]: [
  'getStreamingRoomsHandler RoomId',
  'f1151ce1-ab1a-4dfb-be60-27a72cd4dd99'
]
[2025-04-06T03:56:45.727Z] [LOG]: [
  'getStreamingRoomsHandler roomInfoFromDB',
  {
    _id: 'f1151ce1-ab1a-4dfb-be60-27a72cd4dd99',
    created_at: 2025-03-19T04:08:50.736Z,
    joinedUsers: [ 'pravinkumar.s@nammayatri.in' ],
    name: 'test2',
    createdBy: 'spravinkumar9952@gmail.com',
    __v: 0
  }
]
[2025-04-06T03:56:45.729Z] [LOG]: [
  'getStreamingRoomsHandler roomInfoFromDB',
  {
    _id: '8d2fe420-ebc6-4961-906e-dad92441244a',
    created_at: 2025-02-28T07:37:53.206Z,
    joinedUsers: [ 'pravinkumar.s@nammayatri.in' ],
    name: 'asfasdf',
    createdBy: 'spravinkumar9952@gmail.com',
    __v: 0
  }
]
[2025-04-06T03:56:45.733Z] [LOG]: [
  'getStreamingRoomsHandler roomInfoFromDB',
  {
    _id: '462e47ed-8f20-453a-a43f-1493728c5a6e',
    created_at: 2025-02-28T07:37:53.206Z,
    joinedUsers: [ 'pravinkumar.s@nammayatri.in' ],
    name: 'sdfasd',
    createdBy: 'spravinkumar9952@gmail.com',
    __v: 0
  }
]
[2025-04-06T03:56:45.734Z] [LOG]: [
  'getStreamingRoomsHandler roomInfoFromDB',
  {
    _id: '54059485-488f-433d-ae01-161b42f6d2de',
    created_at: 2025-02-28T07:37:53.206Z,
    joinedUsers: [ 'pravinkumar.s@nammayatri.in' ],
    name: 'sdfas',
    createdBy: 'spravinkumar9952@gmail.com',
    __v: 0
  }
]
[2025-04-06T03:56:45.734Z] [LOG]: [
  'getStreamingRoomsHandler roomInfoFromDB',
  {
    _id: '99b5ec2a-24fb-436e-8b50-79c9accc858e',
    created_at: 2025-02-28T07:05:56.943Z,
    joinedUsers: [ 'pravinkumar.s@nammayatri.in' ],
    name: 'fasdfasd',
    createdBy: 'spravinkumar9952@gmail.com',
    __v: 0
  }
]
[2025-04-06T03:56:45.735Z] [LOG]: [
  'getStreamingRoomsHandler roomInfoFromDB',
  {
    _id: 'a0659932-1fb8-4e5c-bc8c-fb9deaf62d2a',
    created_at: 2025-02-28T07:37:53.206Z,
    joinedUsers: [ 'pravinkumar.s@nammayatri.in' ],
    name: 'sdfasd',
    createdBy: 'spravinkumar9952@gmail.com',
    __v: 0
  }
]
[2025-04-06T04:03:26.765Z] [LOG]: [ 'MongoDB connected' ]
[2025-04-06T04:03:26.766Z] [LOG]: [ 'Server is running on http://localhost:9999' ]
[2025-04-06T04:03:28.515Z] [LOG]: [ 'MongoDB connected' ]
[2025-04-06T04:03:28.516Z] [LOG]: [ 'Server is running on http://localhost:9999' ]
[2025-04-06T04:07:16.542Z] [LOG]: [
  'getStreamingRoomsHandler RoomId',
  '99b5ec2a-24fb-436e-8b50-79c9accc858e'
]
[2025-04-06T04:07:16.543Z] [LOG]: [
  'getStreamingRoomsHandler RoomId',
  '54059485-488f-433d-ae01-161b42f6d2de'
]
[2025-04-06T04:07:16.543Z] [LOG]: [
  'getStreamingRoomsHandler RoomId',
  'a0659932-1fb8-4e5c-bc8c-fb9deaf62d2a'
]
[2025-04-06T04:07:16.543Z] [LOG]: [
  'getStreamingRoomsHandler RoomId',
  '8d2fe420-ebc6-4961-906e-dad92441244a'
]
[2025-04-06T04:07:16.543Z] [LOG]: [
  'getStreamingRoomsHandler RoomId',
  'f1151ce1-ab1a-4dfb-be60-27a72cd4dd99'
]
[2025-04-06T04:07:16.573Z] [LOG]: [
  'getStreamingRoomsHandler roomInfoFromDB',
  {
    _id: '99b5ec2a-24fb-436e-8b50-79c9accc858e',
    created_at: 2025-02-28T07:05:56.943Z,
    joinedUsers: [ 'pravinkumar.s@nammayatri.in' ],
    name: 'fasdfasd',
    createdBy: 'spravinkumar9952@gmail.com',
    __v: 0
  }
]
[2025-04-06T04:07:16.587Z] [LOG]: [
  'getStreamingRoomsHandler roomInfoFromDB',
  {
    _id: '54059485-488f-433d-ae01-161b42f6d2de',
    created_at: 2025-02-28T07:37:53.206Z,
    joinedUsers: [ 'pravinkumar.s@nammayatri.in' ],
    name: 'sdfas',
    createdBy: 'spravinkumar9952@gmail.com',
    __v: 0
  }
]
[2025-04-06T04:07:16.599Z] [LOG]: [
  'getStreamingRoomsHandler roomInfoFromDB',
  {
    _id: 'f1151ce1-ab1a-4dfb-be60-27a72cd4dd99',
    created_at: 2025-03-19T04:08:50.736Z,
    joinedUsers: [ 'pravinkumar.s@nammayatri.in' ],
    name: 'test2',
    createdBy: 'spravinkumar9952@gmail.com',
    __v: 0
  }
]
[2025-04-06T04:07:16.845Z] [LOG]: [
  'getStreamingRoomsHandler roomInfoFromDB',
  {
    _id: '8d2fe420-ebc6-4961-906e-dad92441244a',
    created_at: 2025-02-28T07:37:53.206Z,
    joinedUsers: [ 'pravinkumar.s@nammayatri.in' ],
    name: 'asfasdf',
    createdBy: 'spravinkumar9952@gmail.com',
    __v: 0
  }
]
[2025-04-06T04:07:16.863Z] [LOG]: [
  'getStreamingRoomsHandler roomInfoFromDB',
  {
    _id: 'a0659932-1fb8-4e5c-bc8c-fb9deaf62d2a',
    created_at: 2025-02-28T07:37:53.206Z,
    joinedUsers: [ 'pravinkumar.s@nammayatri.in' ],
    name: 'sdfasd',
    createdBy: 'spravinkumar9952@gmail.com',
    __v: 0
  }
]
[2025-04-06T04:07:16.902Z] [LOG]: [
  'getStreamingRoomsHandler RoomId',
  '99b5ec2a-24fb-436e-8b50-79c9accc858e'
]
[2025-04-06T04:07:16.903Z] [LOG]: [
  'getStreamingRoomsHandler RoomId',
  '54059485-488f-433d-ae01-161b42f6d2de'
]
[2025-04-06T04:07:16.903Z] [LOG]: [
  'getStreamingRoomsHandler RoomId',
  'a0659932-1fb8-4e5c-bc8c-fb9deaf62d2a'
]
[2025-04-06T04:07:16.903Z] [LOG]: [
  'getStreamingRoomsHandler RoomId',
  '8d2fe420-ebc6-4961-906e-dad92441244a'
]
[2025-04-06T04:07:16.904Z] [LOG]: [
  'getStreamingRoomsHandler RoomId',
  'f1151ce1-ab1a-4dfb-be60-27a72cd4dd99'
]
[2025-04-06T04:07:16.934Z] [LOG]: [
  'getStreamingRoomsHandler roomInfoFromDB',
  {
    _id: '99b5ec2a-24fb-436e-8b50-79c9accc858e',
    created_at: 2025-02-28T07:05:56.943Z,
    joinedUsers: [ 'pravinkumar.s@nammayatri.in' ],
    name: 'fasdfasd',
    createdBy: 'spravinkumar9952@gmail.com',
    __v: 0
  }
]
[2025-04-06T04:07:16.937Z] [LOG]: [
  'getStreamingRoomsHandler roomInfoFromDB',
  {
    _id: 'a0659932-1fb8-4e5c-bc8c-fb9deaf62d2a',
    created_at: 2025-02-28T07:37:53.206Z,
    joinedUsers: [ 'pravinkumar.s@nammayatri.in' ],
    name: 'sdfasd',
    createdBy: 'spravinkumar9952@gmail.com',
    __v: 0
  }
]
[2025-04-06T04:07:16.938Z] [LOG]: [
  'getStreamingRoomsHandler roomInfoFromDB',
  {
    _id: '54059485-488f-433d-ae01-161b42f6d2de',
    created_at: 2025-02-28T07:37:53.206Z,
    joinedUsers: [ 'pravinkumar.s@nammayatri.in' ],
    name: 'sdfas',
    createdBy: 'spravinkumar9952@gmail.com',
    __v: 0
  }
]
[2025-04-06T04:07:16.943Z] [LOG]: [
  'getStreamingRoomsHandler roomInfoFromDB',
  {
    _id: '8d2fe420-ebc6-4961-906e-dad92441244a',
    created_at: 2025-02-28T07:37:53.206Z,
    joinedUsers: [ 'pravinkumar.s@nammayatri.in' ],
    name: 'asfasdf',
    createdBy: 'spravinkumar9952@gmail.com',
    __v: 0
  }
]
[2025-04-06T04:07:17.093Z] [LOG]: [
  'getStreamingRoomsHandler roomInfoFromDB',
  {
    _id: 'f1151ce1-ab1a-4dfb-be60-27a72cd4dd99',
    created_at: 2025-03-19T04:08:50.736Z,
    joinedUsers: [ 'pravinkumar.s@nammayatri.in' ],
    name: 'test2',
    createdBy: 'spravinkumar9952@gmail.com',
    __v: 0
  }
]
